19a00000
15aa0145
10b00113
40000006
80df0000
30d00147
80ad0000
10b00118
4000ff5c
a0000000
11ee0005
30be0000
301e0001
302e0002
303e0003
304e0004
20fa0000
203a0001
10100000
1020001f
70020011
50010006
1aff0001
1a110001
1b4f001f
00114000
01113000
40000005
1aff0001
1a110001
1b4f001f
00114000
00113000
50010002
15ff0001
40000000
11220001
4000ffee
50010001
40000001
00113000
1aff0001
1bff0001
20be0000
201e0001
202e0002
203e0003
204e0004
10ee0005
a000b000
00000020
00000000
0000000a
00000000
00000041
0000000e
00000000
