19a00000
15aa0166
10b00113
4000ff50
10b00115
4000ff6d
801f0000
19a00000
15aa0193
301a0001
10200000
7001000a
19a00000
15aa0173
10b0011f
4000ff44
10b00121
4000ff61
30f20195
11110001
10220001
4000fff5
19a00000
15aa0193
19100000
15110195
301a0000
10b0012c
40000003
10b0012e
40000022
a0000000
11ee0003
30be0000
301e0001
302e0002
201a0000
202a0001
10300001
02c32000
700c0013
00413000
20440000
11530001
13c5ffff
700c0009
00615000
20660000
03c64000
700c0005
10750001
00771000
30670000
11550001
4000fff5
10750001
00771000
30470000
10330001
4000ffeb
20be0000
201e0001
202e0002
10ee0003
a000b000
11ee0003
30be0000
301e0001
302e0002
201a0000
202a0001
7002000a
20a10000
10b0015a
4000ff1a
19a00000
15aa0191
10b0015e
4000ff05
10110001
11220001
4000fff5
20be0000
201e0001
202e0002
10ee0003
a000b000
00000045
0000006e
00000074
00000065
00000072
00000020
00000073
00000069
0000007a
00000065
0000003a
00000020
00000000
00000045
0000006e
00000074
00000065
00000072
00000020
0000006e
00000075
0000006d
00000062
00000065
00000072
0000003a
00000020
00000000
00000073
0000006f
00000072
00000074
00000065
00000064
00000020
00000061
00000072
00000072
00000061
00000079
0000003a
00000020
00000000
0000000a
00000000
00000000
00000000
00000000
